2023-07-24 22:07:850 INFO  ComputerPage :31 - Clicking on Computer  : [[ChromeDriver: chrome on windows (d6fe0596a13199c6583505346e783178)] -> xpath: //body/div[6]/div[2]/ul[1]/li[1]/a[1]]
2023-07-24 22:07:889 INFO  ComputerPage :37 - Getting text from : [[ChromeDriver: chrome on windows (d6fe0596a13199c6583505346e783178)] -> xpath:  //h1[contains(text(),'Computers')]]
2023-07-24 22:07:689 INFO  ComputerPage :31 - Clicking on Computer  : [[ChromeDriver: chrome on windows (ec46055e3f19154ed8d0a1210aec2b98)] -> xpath: //body/div[6]/div[2]/ul[1]/li[1]/a[1]]
2023-07-24 22:07:158 INFO  DesktopsPage :137 - Clicking on desktopLink : [[ChromeDriver: chrome on windows (ec46055e3f19154ed8d0a1210aec2b98)] -> xpath: //body/div[6]/div[3]/div[1]/div[3]/div[1]/div[2]/div[1]/div[1]/div[1]/div[1]/h2[1]/a[1]]
2023-07-24 22:07:196 INFO  DesktopsPage :146 - Getting text from : [[ChromeDriver: chrome on windows (ec46055e3f19154ed8d0a1210aec2b98)] -> xpath: //h1[contains(text(),'Desktops')]]
2023-07-24 22:07:985 INFO  ComputerPage :31 - Clicking on Computer  : [[ChromeDriver: chrome on windows (0b851e15d737c389364818145ef81b8b)] -> xpath: //body/div[6]/div[2]/ul[1]/li[1]/a[1]]
2023-07-24 22:07:834 INFO  DesktopsPage :137 - Clicking on desktopLink : [[ChromeDriver: chrome on windows (0b851e15d737c389364818145ef81b8b)] -> xpath: //body/div[6]/div[3]/div[1]/div[3]/div[1]/div[2]/div[1]/div[1]/div[1]/div[1]/h2[1]/a[1]]
2023-07-24 22:07:77 INFO  ComputerPage :31 - Clicking on Computer  : [[ChromeDriver: chrome on windows (e3fc077f6dde7b46a3be08427e485098)] -> xpath: //body/div[6]/div[2]/ul[1]/li[1]/a[1]]
2023-07-24 22:07:115 INFO  ComputerPage :37 - Getting text from : [[ChromeDriver: chrome on windows (e3fc077f6dde7b46a3be08427e485098)] -> xpath:  //h1[contains(text(),'Computers')]]
2023-07-24 22:07:815 INFO  ComputerPage :31 - Clicking on Computer  : [[ChromeDriver: chrome on windows (ff1aea72cd551e6bf916dd747e6de7d8)] -> xpath: //body/div[6]/div[2]/ul[1]/li[1]/a[1]]
2023-07-24 22:07:269 INFO  DesktopsPage :137 - Clicking on desktopLink : [[ChromeDriver: chrome on windows (ff1aea72cd551e6bf916dd747e6de7d8)] -> xpath: //body/div[6]/div[3]/div[1]/div[3]/div[1]/div[2]/div[1]/div[1]/div[1]/div[1]/h2[1]/a[1]]
2023-07-24 22:07:309 INFO  DesktopsPage :146 - Getting text from : [[ChromeDriver: chrome on windows (ff1aea72cd551e6bf916dd747e6de7d8)] -> xpath: //h1[contains(text(),'Desktops')]]
2023-07-24 22:07:35 INFO  ComputerPage :31 - Clicking on Computer  : [[ChromeDriver: chrome on windows (7e65adc1253b0a352e800abea0ca656e)] -> xpath: //body/div[6]/div[2]/ul[1]/li[1]/a[1]]
2023-07-24 22:07:422 INFO  DesktopsPage :137 - Clicking on desktopLink : [[ChromeDriver: chrome on windows (7e65adc1253b0a352e800abea0ca656e)] -> xpath: //body/div[6]/div[3]/div[1]/div[3]/div[1]/div[2]/div[1]/div[1]/div[1]/div[1]/h2[1]/a[1]]
2023-07-25 16:07:911 INFO  ComputerPage :31 - Clicking on Computer  : [[ChromeDriver: chrome on windows (8eeb9430ac0d0c2352324a2eee0cd99c)] -> xpath: //body/div[6]/div[2]/ul[1]/li[1]/a[1]]
2023-07-25 16:07:952 INFO  ComputerPage :37 - Getting text from : [[ChromeDriver: chrome on windows (8eeb9430ac0d0c2352324a2eee0cd99c)] -> xpath:  //h1[contains(text(),'Computers')]]
2023-07-25 16:07:415 INFO  ComputerPage :31 - Clicking on Computer  : [[ChromeDriver: chrome on windows (6c04cbc6c5297948750685a0f5d04271)] -> xpath: //body/div[6]/div[2]/ul[1]/li[1]/a[1]]
2023-07-25 16:07:54 INFO  DesktopsPage :137 - Clicking on desktopLink : [[ChromeDriver: chrome on windows (6c04cbc6c5297948750685a0f5d04271)] -> xpath: //body/div[6]/div[3]/div[1]/div[3]/div[1]/div[2]/div[1]/div[1]/div[1]/div[1]/h2[1]/a[1]]
2023-07-25 16:07:91 INFO  DesktopsPage :146 - Getting text from : [[ChromeDriver: chrome on windows (6c04cbc6c5297948750685a0f5d04271)] -> xpath: //h1[contains(text(),'Desktops')]]
2023-07-25 16:07:542 INFO  ComputerPage :31 - Clicking on Computer  : [[ChromeDriver: chrome on windows (60a27d57e0a793b12ccf8a1b5118a073)] -> xpath: //body/div[6]/div[2]/ul[1]/li[1]/a[1]]
2023-07-25 16:07:39 INFO  DesktopsPage :137 - Clicking on desktopLink : [[ChromeDriver: chrome on windows (60a27d57e0a793b12ccf8a1b5118a073)] -> xpath: //body/div[6]/div[3]/div[1]/div[3]/div[1]/div[2]/div[1]/div[1]/div[1]/div[1]/h2[1]/a[1]]
2023-07-25 16:07:774 INFO  DesktopsPage :47 - Select processor type[[ChromeDriver: chrome on windows (60a27d57e0a793b12ccf8a1b5118a073)] -> xpath: //select[@id='product_attribute_1']]from dropdown [[ChromeDriver: chrome on windows (60a27d57e0a793b12ccf8a1b5118a073)] -> xpath: //select[@id='product_attribute_1']]
2023-07-25 16:07:853 INFO  DesktopsPage :53 - Clicking on hdd320  : [[ChromeDriver: chrome on windows (60a27d57e0a793b12ccf8a1b5118a073)] -> id: product_attribute_3_6]
2023-07-25 16:07:920 INFO  DesktopsPage :73 - Clicking on VistaHome  : [[ChromeDriver: chrome on windows (60a27d57e0a793b12ccf8a1b5118a073)] -> id: product_attribute_4_8]
2023-07-25 16:07:984 INFO  DesktopsPage :107 - Clicking on microsoftOffice : [[ChromeDriver: chrome on windows (60a27d57e0a793b12ccf8a1b5118a073)] -> id: product_attribute_5_10]
2023-07-25 16:07:53 INFO  DesktopsPage :98 - Clicking on Add to cart: [[ChromeDriver: chrome on windows (60a27d57e0a793b12ccf8a1b5118a073)] -> id: add-to-cart-button-1]
2023-07-25 16:07:340 INFO  DesktopsPage :129 - Getting text from : [[ChromeDriver: chrome on windows (60a27d57e0a793b12ccf8a1b5118a073)] -> xpath: //body/div[@id='bar-notification']/div[1]/p[1]]
2023-07-25 16:07:82 INFO  ComputerPage :31 - Clicking on Computer  : [[ChromeDriver: chrome on windows (faa9f0dd418e8e8a0490abb1860697dc)] -> xpath: //body/div[6]/div[2]/ul[1]/li[1]/a[1]]
2023-07-25 16:07:456 INFO  DesktopsPage :137 - Clicking on desktopLink : [[ChromeDriver: chrome on windows (faa9f0dd418e8e8a0490abb1860697dc)] -> xpath: //body/div[6]/div[3]/div[1]/div[3]/div[1]/div[2]/div[1]/div[1]/div[1]/div[1]/h2[1]/a[1]]
2023-07-25 16:07:126 INFO  DesktopsPage :47 - Select processor type[[ChromeDriver: chrome on windows (faa9f0dd418e8e8a0490abb1860697dc)] -> xpath: //select[@id='product_attribute_1']]from dropdown [[ChromeDriver: chrome on windows (faa9f0dd418e8e8a0490abb1860697dc)] -> xpath: //select[@id='product_attribute_1']]
2023-07-25 16:07:203 INFO  DesktopsPage :56 - Clicking on hdd400  : [[ChromeDriver: chrome on windows (faa9f0dd418e8e8a0490abb1860697dc)] -> id: product_attribute_3_7]
2023-07-25 16:07:274 INFO  DesktopsPage :76 - Clicking on vistaPremium : [[ChromeDriver: chrome on windows (faa9f0dd418e8e8a0490abb1860697dc)] -> id: product_attribute_4_9]
2023-07-25 16:07:408 INFO  DesktopsPage :111 - Clicking on microsoftOffice and acrobatReader  : [[ChromeDriver: chrome on windows (faa9f0dd418e8e8a0490abb1860697dc)] -> id: product_attribute_5_11]
2023-07-25 16:07:471 INFO  DesktopsPage :98 - Clicking on Add to cart: [[ChromeDriver: chrome on windows (faa9f0dd418e8e8a0490abb1860697dc)] -> id: add-to-cart-button-1]
2023-07-25 16:07:764 INFO  DesktopsPage :129 - Getting text from : [[ChromeDriver: chrome on windows (faa9f0dd418e8e8a0490abb1860697dc)] -> xpath: //body/div[@id='bar-notification']/div[1]/p[1]]
2023-07-25 16:07:75 INFO  ComputerPage :31 - Clicking on Computer  : [[ChromeDriver: chrome on windows (e0ca63bb5308b8dc74f59d2342e136fb)] -> xpath: //body/div[6]/div[2]/ul[1]/li[1]/a[1]]
2023-07-25 16:07:484 INFO  DesktopsPage :137 - Clicking on desktopLink : [[ChromeDriver: chrome on windows (e0ca63bb5308b8dc74f59d2342e136fb)] -> xpath: //body/div[6]/div[3]/div[1]/div[3]/div[1]/div[2]/div[1]/div[1]/div[1]/div[1]/h2[1]/a[1]]
2023-07-25 16:07:149 INFO  DesktopsPage :47 - Select processor type[[ChromeDriver: chrome on windows (e0ca63bb5308b8dc74f59d2342e136fb)] -> xpath: //select[@id='product_attribute_1']]from dropdown [[ChromeDriver: chrome on windows (e0ca63bb5308b8dc74f59d2342e136fb)] -> xpath: //select[@id='product_attribute_1']]
2023-07-25 16:07:218 INFO  DesktopsPage :53 - Clicking on hdd320  : [[ChromeDriver: chrome on windows (e0ca63bb5308b8dc74f59d2342e136fb)] -> id: product_attribute_3_6]
2023-07-25 16:07:286 INFO  DesktopsPage :73 - Clicking on VistaHome  : [[ChromeDriver: chrome on windows (e0ca63bb5308b8dc74f59d2342e136fb)] -> id: product_attribute_4_8]
2023-07-25 16:07:408 INFO  DesktopsPage :116 - Clicking on microSoftOffice and totalCommander : [[ChromeDriver: chrome on windows (e0ca63bb5308b8dc74f59d2342e136fb)] -> id: product_attribute_5_12]
2023-07-25 16:07:472 INFO  DesktopsPage :98 - Clicking on Add to cart: [[ChromeDriver: chrome on windows (e0ca63bb5308b8dc74f59d2342e136fb)] -> id: add-to-cart-button-1]
2023-07-25 16:07:759 INFO  DesktopsPage :129 - Getting text from : [[ChromeDriver: chrome on windows (e0ca63bb5308b8dc74f59d2342e136fb)] -> xpath: //body/div[@id='bar-notification']/div[1]/p[1]]
2023-07-25 16:07:988 INFO  LoginPage :63 - Clicking on loginlink  : [[ChromeDriver: chrome on windows (4082d17e3ca64db62990776bfba4bcac)] -> xpath: //a[contains(text(),'Log in')]]
2023-07-25 16:07:690 INFO  LoginPage :63 - Clicking on loginlink  : [[ChromeDriver: chrome on windows (a58f47595c376cb79530f0dccf05b561)] -> xpath: //a[contains(text(),'Log in')]]
2023-07-25 16:07:784 INFO  LoginPage :51 - write in  email field[[ChromeDriver: chrome on windows (a58f47595c376cb79530f0dccf05b561)] -> id: Email]from email coco123@gmail.com
2023-07-25 16:07:873 INFO  LoginPage :57 - enter in password[[ChromeDriver: chrome on windows (a58f47595c376cb79530f0dccf05b561)] -> name: Password]in password fieldCoco1234
2023-07-25 16:07:220 INFO  LoginPage :43 - Clicking on login button  : [[ChromeDriver: chrome on windows (a58f47595c376cb79530f0dccf05b561)] -> xpath: //button[contains(text(),'Log in')]]
2023-07-25 16:07:254 INFO  LoginPage :73 - Getting text from : [[ChromeDriver: chrome on windows (a58f47595c376cb79530f0dccf05b561)] -> xpath: //body/div[6]/div[3]/div[1]/div[1]/div[1]/div[2]/div[1]/div[2]/form[1]/div[1]]
2023-07-25 16:07:444 INFO  LoginPage :63 - Clicking on loginlink  : [[ChromeDriver: chrome on windows (61a410df9083beb82efe94c3721536ef)] -> xpath: //a[contains(text(),'Log in')]]
2023-07-25 16:07:539 INFO  LoginPage :51 - write in  email field[[ChromeDriver: chrome on windows (61a410df9083beb82efe94c3721536ef)] -> id: Email]from email cocojain123@gmail.com
2023-07-25 16:07:625 INFO  LoginPage :57 - enter in password[[ChromeDriver: chrome on windows (61a410df9083beb82efe94c3721536ef)] -> name: Password]in password fieldCoco123#
2023-07-25 16:07:263 INFO  LoginPage :43 - Clicking on login button  : [[ChromeDriver: chrome on windows (61a410df9083beb82efe94c3721536ef)] -> xpath: //button[contains(text(),'Log in')]]
2023-07-25 16:07:299 INFO  LoginPage :92 - Getting text from : [[ChromeDriver: chrome on windows (61a410df9083beb82efe94c3721536ef)] -> xpath: //a[contains(text(),'Log out')]]
2023-07-25 16:07:494 INFO  LoginPage :63 - Clicking on loginlink  : [[ChromeDriver: chrome on windows (ba7b3e9e6f960eeef5e7bb629081dbd3)] -> xpath: //a[contains(text(),'Log in')]]
2023-07-25 16:07:589 INFO  LoginPage :51 - write in  email field[[ChromeDriver: chrome on windows (ba7b3e9e6f960eeef5e7bb629081dbd3)] -> id: Email]from email cocojain123@gmail.com
2023-07-25 16:07:677 INFO  LoginPage :57 - enter in password[[ChromeDriver: chrome on windows (ba7b3e9e6f960eeef5e7bb629081dbd3)] -> name: Password]in password fieldCoco123#
2023-07-25 16:07:273 INFO  LoginPage :43 - Clicking on login button  : [[ChromeDriver: chrome on windows (ba7b3e9e6f960eeef5e7bb629081dbd3)] -> xpath: //button[contains(text(),'Log in')]]
2023-07-25 16:07:813 INFO  LoginPage :86 - Clicking on logOutLink : [[ChromeDriver: chrome on windows (ba7b3e9e6f960eeef5e7bb629081dbd3)] -> xpath: //a[contains(text(),'Log out')]]
2023-07-25 16:07:529 INFO  ComputerPage :31 - Clicking on Computer  : [[ChromeDriver: chrome on windows (7abc0669cc64c2ad46c0f12193849b62)] -> xpath: //body/div[6]/div[2]/ul[1]/li[1]/a[1]]
2023-07-25 16:07:571 INFO  ComputerPage :37 - Getting text from : [[ChromeDriver: chrome on windows (7abc0669cc64c2ad46c0f12193849b62)] -> xpath:  //h1[contains(text(),'Computers')]]
2023-07-25 16:07:326 INFO  ComputerPage :31 - Clicking on Computer  : [[ChromeDriver: chrome on windows (1e3115fd3c5b280e9aa02564183dc8a9)] -> xpath: //body/div[6]/div[2]/ul[1]/li[1]/a[1]]
2023-07-25 16:07:727 INFO  DesktopsPage :137 - Clicking on desktopLink : [[ChromeDriver: chrome on windows (1e3115fd3c5b280e9aa02564183dc8a9)] -> xpath: //body/div[6]/div[3]/div[1]/div[3]/div[1]/div[2]/div[1]/div[1]/div[1]/div[1]/h2[1]/a[1]]
2023-07-25 16:07:768 INFO  DesktopsPage :146 - Getting text from : [[ChromeDriver: chrome on windows (1e3115fd3c5b280e9aa02564183dc8a9)] -> xpath: //h1[contains(text(),'Desktops')]]
2023-07-25 16:07:64 INFO  ComputerPage :31 - Clicking on Computer  : [[ChromeDriver: chrome on windows (0638d2c93e8adc1b1790caf2ee384a2f)] -> xpath: //body/div[6]/div[2]/ul[1]/li[1]/a[1]]
2023-07-25 16:07:424 INFO  DesktopsPage :137 - Clicking on desktopLink : [[ChromeDriver: chrome on windows (0638d2c93e8adc1b1790caf2ee384a2f)] -> xpath: //body/div[6]/div[3]/div[1]/div[3]/div[1]/div[2]/div[1]/div[1]/div[1]/div[1]/h2[1]/a[1]]
2023-07-25 16:07:149 INFO  DesktopsPage :47 - Select processor type[[ChromeDriver: chrome on windows (0638d2c93e8adc1b1790caf2ee384a2f)] -> xpath: //select[@id='product_attribute_1']]from dropdown [[ChromeDriver: chrome on windows (0638d2c93e8adc1b1790caf2ee384a2f)] -> xpath: //select[@id='product_attribute_1']]
2023-07-25 16:07:229 INFO  DesktopsPage :53 - Clicking on hdd320  : [[ChromeDriver: chrome on windows (0638d2c93e8adc1b1790caf2ee384a2f)] -> id: product_attribute_3_6]
2023-07-25 16:07:299 INFO  DesktopsPage :73 - Clicking on VistaHome  : [[ChromeDriver: chrome on windows (0638d2c93e8adc1b1790caf2ee384a2f)] -> id: product_attribute_4_8]
2023-07-25 16:07:371 INFO  DesktopsPage :107 - Clicking on microsoftOffice : [[ChromeDriver: chrome on windows (0638d2c93e8adc1b1790caf2ee384a2f)] -> id: product_attribute_5_10]
2023-07-25 16:07:438 INFO  DesktopsPage :98 - Clicking on Add to cart: [[ChromeDriver: chrome on windows (0638d2c93e8adc1b1790caf2ee384a2f)] -> id: add-to-cart-button-1]
2023-07-25 16:07:722 INFO  DesktopsPage :129 - Getting text from : [[ChromeDriver: chrome on windows (0638d2c93e8adc1b1790caf2ee384a2f)] -> xpath: //body/div[@id='bar-notification']/div[1]/p[1]]
2023-07-25 16:07:532 INFO  ComputerPage :31 - Clicking on Computer  : [[ChromeDriver: chrome on windows (30acdac39e1f56d4cd16ac3857bf6e32)] -> xpath: //body/div[6]/div[2]/ul[1]/li[1]/a[1]]
2023-07-25 16:07:953 INFO  DesktopsPage :137 - Clicking on desktopLink : [[ChromeDriver: chrome on windows (30acdac39e1f56d4cd16ac3857bf6e32)] -> xpath: //body/div[6]/div[3]/div[1]/div[3]/div[1]/div[2]/div[1]/div[1]/div[1]/div[1]/h2[1]/a[1]]
2023-07-25 16:07:650 INFO  DesktopsPage :47 - Select processor type[[ChromeDriver: chrome on windows (30acdac39e1f56d4cd16ac3857bf6e32)] -> xpath: //select[@id='product_attribute_1']]from dropdown [[ChromeDriver: chrome on windows (30acdac39e1f56d4cd16ac3857bf6e32)] -> xpath: //select[@id='product_attribute_1']]
2023-07-25 16:07:725 INFO  DesktopsPage :56 - Clicking on hdd400  : [[ChromeDriver: chrome on windows (30acdac39e1f56d4cd16ac3857bf6e32)] -> id: product_attribute_3_7]
2023-07-25 16:07:795 INFO  DesktopsPage :76 - Clicking on vistaPremium : [[ChromeDriver: chrome on windows (30acdac39e1f56d4cd16ac3857bf6e32)] -> id: product_attribute_4_9]
2023-07-25 16:07:923 INFO  DesktopsPage :111 - Clicking on microsoftOffice and acrobatReader  : [[ChromeDriver: chrome on windows (30acdac39e1f56d4cd16ac3857bf6e32)] -> id: product_attribute_5_11]
2023-07-25 16:07:983 INFO  DesktopsPage :98 - Clicking on Add to cart: [[ChromeDriver: chrome on windows (30acdac39e1f56d4cd16ac3857bf6e32)] -> id: add-to-cart-button-1]
2023-07-25 16:07:272 INFO  DesktopsPage :129 - Getting text from : [[ChromeDriver: chrome on windows (30acdac39e1f56d4cd16ac3857bf6e32)] -> xpath: //body/div[@id='bar-notification']/div[1]/p[1]]
2023-07-25 16:07:647 INFO  ComputerPage :31 - Clicking on Computer  : [[ChromeDriver: chrome on windows (f46c93d095ca02441aadaa09cfbb29e0)] -> xpath: //body/div[6]/div[2]/ul[1]/li[1]/a[1]]
2023-07-25 16:07:40 INFO  DesktopsPage :137 - Clicking on desktopLink : [[ChromeDriver: chrome on windows (f46c93d095ca02441aadaa09cfbb29e0)] -> xpath: //body/div[6]/div[3]/div[1]/div[3]/div[1]/div[2]/div[1]/div[1]/div[1]/div[1]/h2[1]/a[1]]
2023-07-25 16:07:722 INFO  DesktopsPage :47 - Select processor type[[ChromeDriver: chrome on windows (f46c93d095ca02441aadaa09cfbb29e0)] -> xpath: //select[@id='product_attribute_1']]from dropdown [[ChromeDriver: chrome on windows (f46c93d095ca02441aadaa09cfbb29e0)] -> xpath: //select[@id='product_attribute_1']]
2023-07-25 16:07:797 INFO  DesktopsPage :53 - Clicking on hdd320  : [[ChromeDriver: chrome on windows (f46c93d095ca02441aadaa09cfbb29e0)] -> id: product_attribute_3_6]
2023-07-25 16:07:865 INFO  DesktopsPage :73 - Clicking on VistaHome  : [[ChromeDriver: chrome on windows (f46c93d095ca02441aadaa09cfbb29e0)] -> id: product_attribute_4_8]
2023-07-25 16:07:991 INFO  DesktopsPage :116 - Clicking on microSoftOffice and totalCommander : [[ChromeDriver: chrome on windows (f46c93d095ca02441aadaa09cfbb29e0)] -> id: product_attribute_5_12]
2023-07-25 16:07:50 INFO  DesktopsPage :98 - Clicking on Add to cart: [[ChromeDriver: chrome on windows (f46c93d095ca02441aadaa09cfbb29e0)] -> id: add-to-cart-button-1]
2023-07-25 16:07:340 INFO  DesktopsPage :129 - Getting text from : [[ChromeDriver: chrome on windows (f46c93d095ca02441aadaa09cfbb29e0)] -> xpath: //body/div[@id='bar-notification']/div[1]/p[1]]
2023-07-25 16:07:04 INFO  LoginPage :63 - Clicking on loginlink  : [[ChromeDriver: chrome on windows (b518830a58c39e5e3c7d7f8d9e247a15)] -> xpath: //a[contains(text(),'Log in')]]
2023-07-25 16:07:699 INFO  LoginPage :63 - Clicking on loginlink  : [[ChromeDriver: chrome on windows (e3a744697714995b651be2e549fef649)] -> xpath: //a[contains(text(),'Log in')]]
2023-07-25 16:07:790 INFO  LoginPage :51 - write in  email field[[ChromeDriver: chrome on windows (e3a744697714995b651be2e549fef649)] -> id: Email]from email coco123@gmail.com
2023-07-25 16:07:873 INFO  LoginPage :57 - enter in password[[ChromeDriver: chrome on windows (e3a744697714995b651be2e549fef649)] -> name: Password]in password fieldCoco1234
2023-07-25 16:07:216 INFO  LoginPage :43 - Clicking on login button  : [[ChromeDriver: chrome on windows (e3a744697714995b651be2e549fef649)] -> xpath: //button[contains(text(),'Log in')]]
2023-07-25 16:07:248 INFO  LoginPage :73 - Getting text from : [[ChromeDriver: chrome on windows (e3a744697714995b651be2e549fef649)] -> xpath: //body/div[6]/div[3]/div[1]/div[1]/div[1]/div[2]/div[1]/div[2]/form[1]/div[1]]
2023-07-25 16:07:443 INFO  LoginPage :63 - Clicking on loginlink  : [[ChromeDriver: chrome on windows (87c55c180954c55e671e392dca108e5e)] -> xpath: //a[contains(text(),'Log in')]]
2023-07-25 16:07:535 INFO  LoginPage :51 - write in  email field[[ChromeDriver: chrome on windows (87c55c180954c55e671e392dca108e5e)] -> id: Email]from email cocojain123@gmail.com
2023-07-25 16:07:622 INFO  LoginPage :57 - enter in password[[ChromeDriver: chrome on windows (87c55c180954c55e671e392dca108e5e)] -> name: Password]in password fieldCoco123#
2023-07-25 16:07:987 INFO  LoginPage :43 - Clicking on login button  : [[ChromeDriver: chrome on windows (87c55c180954c55e671e392dca108e5e)] -> xpath: //button[contains(text(),'Log in')]]
2023-07-25 16:07:413 INFO  LoginPage :63 - Clicking on loginlink  : [[ChromeDriver: chrome on windows (4117ecc45428a2ed7934c1f8779623b8)] -> xpath: //a[contains(text(),'Log in')]]
2023-07-25 16:07:508 INFO  LoginPage :51 - write in  email field[[ChromeDriver: chrome on windows (4117ecc45428a2ed7934c1f8779623b8)] -> id: Email]from email cocojain123@gmail.com
2023-07-25 16:07:592 INFO  LoginPage :57 - enter in password[[ChromeDriver: chrome on windows (4117ecc45428a2ed7934c1f8779623b8)] -> name: Password]in password fieldCoco123#
2023-07-25 16:07:937 INFO  LoginPage :43 - Clicking on login button  : [[ChromeDriver: chrome on windows (4117ecc45428a2ed7934c1f8779623b8)] -> xpath: //button[contains(text(),'Log in')]]
2023-07-25 16:07:730 INFO  RegisterPage :226 - Clicking on register link : [[ChromeDriver: chrome on windows (c5ef23504c29156ae39608e4e959e0dd)] -> xpath: //a[contains(text(),'Register')]]
2023-07-25 16:07:763 INFO  RegisterPage :218 - Getting text from : [[ChromeDriver: chrome on windows (c5ef23504c29156ae39608e4e959e0dd)] -> xpath: //h1[contains(text(),'Register')]]
2023-07-25 16:07:911 INFO  RegisterPage :226 - Clicking on register link : [[ChromeDriver: chrome on windows (eb1920de9af9c0404ae8416ee4ee7679)] -> xpath: //a[contains(text(),'Register')]]
2023-07-25 16:07:999 INFO  RegisterPage :208 - Clicking on register button : [[ChromeDriver: chrome on windows (eb1920de9af9c0404ae8416ee4ee7679)] -> xpath: //button[@id='register-button']]
2023-07-25 16:07:32 INFO  RegisterPage :35 - Getting text from : [[ChromeDriver: chrome on windows (eb1920de9af9c0404ae8416ee4ee7679)] -> xpath: //span[@id='FirstName-error']]
2023-07-25 16:07:59 INFO  RegisterPage :42 - Getting text from : [[ChromeDriver: chrome on windows (eb1920de9af9c0404ae8416ee4ee7679)] -> xpath: //span[@id='LastName-error']]
2023-07-25 16:07:86 INFO  RegisterPage :49 - Getting text from : [[ChromeDriver: chrome on windows (eb1920de9af9c0404ae8416ee4ee7679)] -> xpath: //span[@id='Email-error']]
2023-07-25 16:07:114 INFO  RegisterPage :236 - Getting text from : [[ChromeDriver: chrome on windows (eb1920de9af9c0404ae8416ee4ee7679)] -> xpath: //span[@id='Password-error']]
2023-07-25 16:07:142 INFO  RegisterPage :243 - Getting text from : [[ChromeDriver: chrome on windows (eb1920de9af9c0404ae8416ee4ee7679)] -> xpath: //span[@id='ConfirmPassword-error']]
2023-07-25 16:07:679 INFO  RegisterPage :226 - Clicking on register link : [[ChromeDriver: chrome on windows (4e51262efb4b0f03e3538990ce266fcb)] -> xpath: //a[contains(text(),'Register')]]
2023-07-25 16:07:753 INFO  RegisterPage :74 - Clicking on gender female : [[ChromeDriver: chrome on windows (4e51262efb4b0f03e3538990ce266fcb)] -> xpath: //input[@id='gender-female']]
2023-07-25 16:07:843 INFO  RegisterPage :86 - Enter first name[[ChromeDriver: chrome on windows (4e51262efb4b0f03e3538990ce266fcb)] -> xpath: //input[@id='FirstName']]in field [[ChromeDriver: chrome on windows (4e51262efb4b0f03e3538990ce266fcb)] -> xpath: //input[@id='FirstName']]
2023-07-25 16:07:896 INFO  RegisterPage :86 - Enter first name[[ChromeDriver: chrome on windows (4e51262efb4b0f03e3538990ce266fcb)] -> xpath: //input[@id='FirstName']]in field [[ChromeDriver: chrome on windows (4e51262efb4b0f03e3538990ce266fcb)] -> xpath: //input[@id='FirstName']]
2023-07-25 16:07:10 INFO  RegisterPage :109 - Select day [[ChromeDriver: chrome on windows (4e51262efb4b0f03e3538990ce266fcb)] -> xpath: //body/div[6]/div[3]/div[1]/div[1]/div[1]/div[2]/form[1]/div[1]/div[2]/div[4]/div[1]/select[1]]from dropdown 28
2023-07-25 16:07:113 INFO  RegisterPage :120 - Select month[[ChromeDriver: chrome on windows (4e51262efb4b0f03e3538990ce266fcb)] -> xpath: //body/div[6]/div[3]/div[1]/div[1]/div[1]/div[2]/form[1]/div[1]/div[2]/div[4]/div[1]/select[2]]from dropdown January
2023-07-25 16:07:217 INFO  RegisterPage :132 - Select year[[ChromeDriver: chrome on windows (4e51262efb4b0f03e3538990ce266fcb)] -> xpath: //body/div[6]/div[3]/div[1]/div[1]/div[1]/div[2]/form[1]/div[1]/div[2]/div[4]/div[1]/select[3]]from dropdown 1983
2023-07-25 16:07:338 INFO  RegisterPage :144 - Enter email[[ChromeDriver: chrome on windows (4e51262efb4b0f03e3538990ce266fcb)] -> xpath: //input[@id='FirstName']]in field cocojain678@gmail.com
2023-07-25 16:07:431 INFO  RegisterPage :163 - Enter password[[ChromeDriver: chrome on windows (4e51262efb4b0f03e3538990ce266fcb)] -> xpath: //input[@id='Password']]in field Coco123#
2023-07-25 16:07:508 INFO  RegisterPage :176 - Enter confirmPassword[[ChromeDriver: chrome on windows (4e51262efb4b0f03e3538990ce266fcb)] -> xpath: //input[@id='ConfirmPassword']]in field Coco123#
2023-07-25 16:07:594 INFO  RegisterPage :208 - Clicking on register button : [[ChromeDriver: chrome on windows (4e51262efb4b0f03e3538990ce266fcb)] -> xpath: //button[@id='register-button']]
2023-07-25 16:07:734 INFO  LoginPage :63 - Clicking on loginlink  : [[ChromeDriver: chrome on windows (5c25fbf015c84ee8add105d3c59a0a82)] -> xpath: //a[contains(text(),'Log in')]]
2023-07-25 16:07:836 INFO  LoginPage :51 - write in  email field[[ChromeDriver: chrome on windows (5c25fbf015c84ee8add105d3c59a0a82)] -> id: Email]from email cocoboe123@gmail.com
2023-07-25 16:07:927 INFO  LoginPage :57 - enter in password[[ChromeDriver: chrome on windows (5c25fbf015c84ee8add105d3c59a0a82)] -> name: Password]in password fieldCoco123#
2023-07-25 16:07:501 INFO  LoginPage :43 - Clicking on login button  : [[ChromeDriver: chrome on windows (5c25fbf015c84ee8add105d3c59a0a82)] -> xpath: //button[contains(text(),'Log in')]]
2023-07-25 16:07:539 INFO  LoginPage :92 - Getting text from : [[ChromeDriver: chrome on windows (5c25fbf015c84ee8add105d3c59a0a82)] -> xpath: //a[contains(text(),'Log out')]]
2023-07-25 17:07:753 INFO  ComputerPage :31 - Clicking on Computer  : [[ChromeDriver: chrome on windows (4c7f10e473b0bbe2ed4076674fa830f7)] -> xpath: //body/div[6]/div[2]/ul[1]/li[1]/a[1]]
2023-07-25 17:07:792 INFO  ComputerPage :37 - Getting text from : [[ChromeDriver: chrome on windows (4c7f10e473b0bbe2ed4076674fa830f7)] -> xpath:  //h1[contains(text(),'Computers')]]
2023-07-25 17:07:154 INFO  LoginPage :63 - Clicking on loginlink  : [[ChromeDriver: chrome on windows (0c98eaa7a92eca8a06bc5bac65658c32)] -> xpath: //a[contains(text(),'Log in')]]
2023-07-25 17:07:335 INFO  RegisterPage :226 - Clicking on register link : [[ChromeDriver: chrome on windows (ddae7744ea88790d7424ada3dc9918f1)] -> xpath: //a[contains(text(),'Register')]]
2023-07-25 17:07:371 INFO  RegisterPage :218 - Getting text from : [[ChromeDriver: chrome on windows (ddae7744ea88790d7424ada3dc9918f1)] -> xpath: //h1[contains(text(),'Register')]]
2023-07-25 17:07:118 INFO  ComputerPage :31 - Clicking on Computer  : [[ChromeDriver: chrome on windows (d73a1d989e1928b5723a1446034e7c77)] -> xpath: //body/div[6]/div[2]/ul[1]/li[1]/a[1]]
2023-07-25 17:07:492 INFO  DesktopsPage :137 - Clicking on desktopLink : [[ChromeDriver: chrome on windows (d73a1d989e1928b5723a1446034e7c77)] -> xpath: //body/div[6]/div[3]/div[1]/div[3]/div[1]/div[2]/div[1]/div[1]/div[1]/div[1]/h2[1]/a[1]]
2023-07-25 17:07:530 INFO  DesktopsPage :146 - Getting text from : [[ChromeDriver: chrome on windows (d73a1d989e1928b5723a1446034e7c77)] -> xpath: //h1[contains(text(),'Desktops')]]
2023-07-25 17:07:386 INFO  LoginPage :63 - Clicking on loginlink  : [[ChromeDriver: chrome on windows (f6c302ff8b52b35fc95cd003e65f66d2)] -> xpath: //a[contains(text(),'Log in')]]
2023-07-25 17:07:480 INFO  LoginPage :51 - write in  email field[[ChromeDriver: chrome on windows (f6c302ff8b52b35fc95cd003e65f66d2)] -> id: Email]from email coco123@gmail.com
2023-07-25 17:07:573 INFO  LoginPage :57 - enter in password[[ChromeDriver: chrome on windows (f6c302ff8b52b35fc95cd003e65f66d2)] -> name: Password]in password fieldCoco1234
2023-07-25 17:07:930 INFO  LoginPage :43 - Clicking on login button  : [[ChromeDriver: chrome on windows (f6c302ff8b52b35fc95cd003e65f66d2)] -> xpath: //button[contains(text(),'Log in')]]
2023-07-25 17:07:966 INFO  LoginPage :73 - Getting text from : [[ChromeDriver: chrome on windows (f6c302ff8b52b35fc95cd003e65f66d2)] -> xpath: //body/div[6]/div[3]/div[1]/div[1]/div[1]/div[2]/div[1]/div[2]/form[1]/div[1]]
2023-07-25 17:07:623 INFO  RegisterPage :226 - Clicking on register link : [[ChromeDriver: chrome on windows (d479c7c060cf56877571a399b97aff5b)] -> xpath: //a[contains(text(),'Register')]]
2023-07-25 17:07:712 INFO  RegisterPage :208 - Clicking on register button : [[ChromeDriver: chrome on windows (d479c7c060cf56877571a399b97aff5b)] -> xpath: //button[@id='register-button']]
2023-07-25 17:07:745 INFO  RegisterPage :35 - Getting text from : [[ChromeDriver: chrome on windows (d479c7c060cf56877571a399b97aff5b)] -> xpath: //span[@id='FirstName-error']]
2023-07-25 17:07:776 INFO  RegisterPage :42 - Getting text from : [[ChromeDriver: chrome on windows (d479c7c060cf56877571a399b97aff5b)] -> xpath: //span[@id='LastName-error']]
2023-07-25 17:07:804 INFO  RegisterPage :49 - Getting text from : [[ChromeDriver: chrome on windows (d479c7c060cf56877571a399b97aff5b)] -> xpath: //span[@id='Email-error']]
2023-07-25 17:07:835 INFO  RegisterPage :236 - Getting text from : [[ChromeDriver: chrome on windows (d479c7c060cf56877571a399b97aff5b)] -> xpath: //span[@id='Password-error']]
2023-07-25 17:07:869 INFO  RegisterPage :243 - Getting text from : [[ChromeDriver: chrome on windows (d479c7c060cf56877571a399b97aff5b)] -> xpath: //span[@id='ConfirmPassword-error']]
2023-07-25 17:07:955 INFO  ComputerPage :31 - Clicking on Computer  : [[ChromeDriver: chrome on windows (a1277d2e22fd2fc7add4be7034760e28)] -> xpath: //body/div[6]/div[2]/ul[1]/li[1]/a[1]]
2023-07-25 17:07:340 INFO  DesktopsPage :137 - Clicking on desktopLink : [[ChromeDriver: chrome on windows (a1277d2e22fd2fc7add4be7034760e28)] -> xpath: //body/div[6]/div[3]/div[1]/div[3]/div[1]/div[2]/div[1]/div[1]/div[1]/div[1]/h2[1]/a[1]]
2023-07-25 17:07:54 INFO  DesktopsPage :47 - Select processor type[[ChromeDriver: chrome on windows (a1277d2e22fd2fc7add4be7034760e28)] -> xpath: //select[@id='product_attribute_1']]from dropdown [[ChromeDriver: chrome on windows (a1277d2e22fd2fc7add4be7034760e28)] -> xpath: //select[@id='product_attribute_1']]
2023-07-25 17:07:132 INFO  DesktopsPage :53 - Clicking on hdd320  : [[ChromeDriver: chrome on windows (a1277d2e22fd2fc7add4be7034760e28)] -> id: product_attribute_3_6]
2023-07-25 17:07:198 INFO  DesktopsPage :73 - Clicking on VistaHome  : [[ChromeDriver: chrome on windows (a1277d2e22fd2fc7add4be7034760e28)] -> id: product_attribute_4_8]
2023-07-25 17:07:265 INFO  DesktopsPage :107 - Clicking on microsoftOffice : [[ChromeDriver: chrome on windows (a1277d2e22fd2fc7add4be7034760e28)] -> id: product_attribute_5_10]
2023-07-25 17:07:333 INFO  DesktopsPage :98 - Clicking on Add to cart: [[ChromeDriver: chrome on windows (a1277d2e22fd2fc7add4be7034760e28)] -> id: add-to-cart-button-1]
2023-07-25 17:07:989 INFO  DesktopsPage :129 - Getting text from : [[ChromeDriver: chrome on windows (a1277d2e22fd2fc7add4be7034760e28)] -> xpath: //body/div[@id='bar-notification']/div[1]/p[1]]
2023-07-25 17:07:640 INFO  ComputerPage :31 - Clicking on Computer  : [[ChromeDriver: chrome on windows (2999be1dcbcd8f6073ba911eaa4e49d4)] -> xpath: //body/div[6]/div[2]/ul[1]/li[1]/a[1]]
2023-07-25 17:07:29 INFO  DesktopsPage :137 - Clicking on desktopLink : [[ChromeDriver: chrome on windows (2999be1dcbcd8f6073ba911eaa4e49d4)] -> xpath: //body/div[6]/div[3]/div[1]/div[3]/div[1]/div[2]/div[1]/div[1]/div[1]/div[1]/h2[1]/a[1]]
2023-07-25 17:07:734 INFO  DesktopsPage :47 - Select processor type[[ChromeDriver: chrome on windows (2999be1dcbcd8f6073ba911eaa4e49d4)] -> xpath: //select[@id='product_attribute_1']]from dropdown [[ChromeDriver: chrome on windows (2999be1dcbcd8f6073ba911eaa4e49d4)] -> xpath: //select[@id='product_attribute_1']]
2023-07-25 17:07:809 INFO  DesktopsPage :56 - Clicking on hdd400  : [[ChromeDriver: chrome on windows (2999be1dcbcd8f6073ba911eaa4e49d4)] -> id: product_attribute_3_7]
2023-07-25 17:07:874 INFO  DesktopsPage :76 - Clicking on vistaPremium : [[ChromeDriver: chrome on windows (2999be1dcbcd8f6073ba911eaa4e49d4)] -> id: product_attribute_4_9]
2023-07-25 17:07:00 INFO  DesktopsPage :111 - Clicking on microsoftOffice and acrobatReader  : [[ChromeDriver: chrome on windows (2999be1dcbcd8f6073ba911eaa4e49d4)] -> id: product_attribute_5_11]
2023-07-25 17:07:65 INFO  DesktopsPage :98 - Clicking on Add to cart: [[ChromeDriver: chrome on windows (2999be1dcbcd8f6073ba911eaa4e49d4)] -> id: add-to-cart-button-1]
2023-07-25 17:07:407 INFO  DesktopsPage :129 - Getting text from : [[ChromeDriver: chrome on windows (2999be1dcbcd8f6073ba911eaa4e49d4)] -> xpath: //body/div[@id='bar-notification']/div[1]/p[1]]
2023-07-25 17:07:999 INFO  ComputerPage :31 - Clicking on Computer  : [[ChromeDriver: chrome on windows (52e5d43cceae74ca0554116a5c9fcc22)] -> xpath: //body/div[6]/div[2]/ul[1]/li[1]/a[1]]
2023-07-25 17:07:367 INFO  DesktopsPage :137 - Clicking on desktopLink : [[ChromeDriver: chrome on windows (52e5d43cceae74ca0554116a5c9fcc22)] -> xpath: //body/div[6]/div[3]/div[1]/div[3]/div[1]/div[2]/div[1]/div[1]/div[1]/div[1]/h2[1]/a[1]]
2023-07-25 17:07:28 INFO  DesktopsPage :47 - Select processor type[[ChromeDriver: chrome on windows (52e5d43cceae74ca0554116a5c9fcc22)] -> xpath: //select[@id='product_attribute_1']]from dropdown [[ChromeDriver: chrome on windows (52e5d43cceae74ca0554116a5c9fcc22)] -> xpath: //select[@id='product_attribute_1']]
2023-07-25 17:07:107 INFO  DesktopsPage :53 - Clicking on hdd320  : [[ChromeDriver: chrome on windows (52e5d43cceae74ca0554116a5c9fcc22)] -> id: product_attribute_3_6]
2023-07-25 17:07:183 INFO  DesktopsPage :73 - Clicking on VistaHome  : [[ChromeDriver: chrome on windows (52e5d43cceae74ca0554116a5c9fcc22)] -> id: product_attribute_4_8]
2023-07-25 17:07:313 INFO  DesktopsPage :116 - Clicking on microSoftOffice and totalCommander : [[ChromeDriver: chrome on windows (52e5d43cceae74ca0554116a5c9fcc22)] -> id: product_attribute_5_12]
2023-07-25 17:07:370 INFO  DesktopsPage :98 - Clicking on Add to cart: [[ChromeDriver: chrome on windows (52e5d43cceae74ca0554116a5c9fcc22)] -> id: add-to-cart-button-1]
2023-07-25 17:07:652 INFO  DesktopsPage :129 - Getting text from : [[ChromeDriver: chrome on windows (52e5d43cceae74ca0554116a5c9fcc22)] -> xpath: //body/div[@id='bar-notification']/div[1]/p[1]]
2023-07-25 17:07:222 INFO  LoginPage :63 - Clicking on loginlink  : [[ChromeDriver: chrome on windows (8a4020857b33678c4217b6840da8fdb6)] -> xpath: //a[contains(text(),'Log in')]]
2023-07-25 17:07:316 INFO  LoginPage :51 - write in  email field[[ChromeDriver: chrome on windows (8a4020857b33678c4217b6840da8fdb6)] -> id: Email]from email cocoboe123@gmail.com
2023-07-25 17:07:400 INFO  LoginPage :57 - enter in password[[ChromeDriver: chrome on windows (8a4020857b33678c4217b6840da8fdb6)] -> name: Password]in password fieldCoco123#
2023-07-25 17:07:985 INFO  LoginPage :43 - Clicking on login button  : [[ChromeDriver: chrome on windows (8a4020857b33678c4217b6840da8fdb6)] -> xpath: //button[contains(text(),'Log in')]]
2023-07-25 17:07:18 INFO  LoginPage :92 - Getting text from : [[ChromeDriver: chrome on windows (8a4020857b33678c4217b6840da8fdb6)] -> xpath: //a[contains(text(),'Log out')]]
2023-07-25 17:07:824 INFO  LoginPage :63 - Clicking on loginlink  : [[ChromeDriver: chrome on windows (38fa6d31f8086dd57ba3d6ddf2695d57)] -> xpath: //a[contains(text(),'Log in')]]
2023-07-25 17:07:917 INFO  LoginPage :51 - write in  email field[[ChromeDriver: chrome on windows (38fa6d31f8086dd57ba3d6ddf2695d57)] -> id: Email]from email cocojain123@gmail.com
2023-07-25 17:07:03 INFO  LoginPage :57 - enter in password[[ChromeDriver: chrome on windows (38fa6d31f8086dd57ba3d6ddf2695d57)] -> name: Password]in password fieldCoco123#
2023-07-25 17:07:350 INFO  LoginPage :43 - Clicking on login button  : [[ChromeDriver: chrome on windows (38fa6d31f8086dd57ba3d6ddf2695d57)] -> xpath: //button[contains(text(),'Log in')]]
2023-07-25 17:07:263 INFO  RegisterPage :226 - Clicking on register link : [[ChromeDriver: chrome on windows (1f436d367e0b1ebbfae9dccb54350356)] -> xpath: //a[contains(text(),'Register')]]
2023-07-25 17:07:334 INFO  RegisterPage :74 - Clicking on gender female : [[ChromeDriver: chrome on windows (1f436d367e0b1ebbfae9dccb54350356)] -> xpath: //input[@id='gender-female']]
2023-07-25 17:07:437 INFO  RegisterPage :86 - Enter first name[[ChromeDriver: chrome on windows (1f436d367e0b1ebbfae9dccb54350356)] -> xpath: //input[@id='FirstName']]in field [[ChromeDriver: chrome on windows (1f436d367e0b1ebbfae9dccb54350356)] -> xpath: //input[@id='FirstName']]
2023-07-25 17:07:488 INFO  RegisterPage :86 - Enter first name[[ChromeDriver: chrome on windows (1f436d367e0b1ebbfae9dccb54350356)] -> xpath: //input[@id='FirstName']]in field [[ChromeDriver: chrome on windows (1f436d367e0b1ebbfae9dccb54350356)] -> xpath: //input[@id='FirstName']]
2023-07-25 17:07:602 INFO  RegisterPage :109 - Select day [[ChromeDriver: chrome on windows (1f436d367e0b1ebbfae9dccb54350356)] -> xpath: //body/div[6]/div[3]/div[1]/div[1]/div[1]/div[2]/form[1]/div[1]/div[2]/div[4]/div[1]/select[1]]from dropdown 28
2023-07-25 17:07:704 INFO  RegisterPage :120 - Select month[[ChromeDriver: chrome on windows (1f436d367e0b1ebbfae9dccb54350356)] -> xpath: //body/div[6]/div[3]/div[1]/div[1]/div[1]/div[2]/form[1]/div[1]/div[2]/div[4]/div[1]/select[2]]from dropdown January
2023-07-25 17:07:806 INFO  RegisterPage :132 - Select year[[ChromeDriver: chrome on windows (1f436d367e0b1ebbfae9dccb54350356)] -> xpath: //body/div[6]/div[3]/div[1]/div[1]/div[1]/div[2]/form[1]/div[1]/div[2]/div[4]/div[1]/select[3]]from dropdown 1983
2023-07-25 17:07:912 INFO  RegisterPage :144 - Enter email[[ChromeDriver: chrome on windows (1f436d367e0b1ebbfae9dccb54350356)] -> xpath: //input[@id='FirstName']]in field cocojain678@gmail.com
2023-07-25 17:07:03 INFO  RegisterPage :163 - Enter password[[ChromeDriver: chrome on windows (1f436d367e0b1ebbfae9dccb54350356)] -> xpath: //input[@id='Password']]in field Coco123#
2023-07-25 17:07:86 INFO  RegisterPage :176 - Enter confirmPassword[[ChromeDriver: chrome on windows (1f436d367e0b1ebbfae9dccb54350356)] -> xpath: //input[@id='ConfirmPassword']]in field Coco123#
2023-07-25 17:07:177 INFO  RegisterPage :208 - Clicking on register button : [[ChromeDriver: chrome on windows (1f436d367e0b1ebbfae9dccb54350356)] -> xpath: //button[@id='register-button']]
